<?xml version="1.0" encoding="UTF-8"?>
<!-- Generated by org.testng.reporters.JUnitReportReporter -->
<testsuite hostname="DESKTOP-5H7RRRE" failures="0" tests="1" name="co.Keyword_Test.KeyWord_Engine_Test" time="43.751" errors="0" timestamp="14 Dec 2022 19:48:44 GMT" skipped="0">
  <testcase classname="co.Keyword_Test.KeyWord_Engine_Test" name="startExecutions_Test" time="43.751"/>
</testsuite> <!-- co.Keyword_Test.KeyWord_Engine_Test -->
